{
  "RSpec": {
    "coverage": {
      "/Users/bpan/fizz_buzz/lib/factories/combined_rule_factory.rb": [
        1,
        null,
        1,
        1,
        10,
        null,
        null,
        1,
        5,
        5,
        15,
        15,
        null,
        5,
        null,
        null
      ],
      "/Users/bpan/fizz_buzz/lib/rules/combined_rule.rb": [
        1,
        1,
        9,
        null,
        null,
        1,
        409,
        103,
        null,
        57,
        null,
        null
      ],
      "/Users/bpan/fizz_buzz/lib/rule_factory_mapper.rb": [
        1,
        1,
        1,
        1,
        null,
        1,
        1,
        8,
        null,
        null,
        null,
        null,
        8,
        8,
        null,
        null,
        1,
        30,
        null,
        null
      ],
      "/Users/bpan/fizz_buzz/lib/factories/mod_rule_factory.rb": [
        1,
        null,
        1,
        1,
        16,
        16,
        16,
        null,
        null
      ],
      "/Users/bpan/fizz_buzz/lib/rules/mod_rule.rb": [
        1,
        1,
        27,
        27,
        null,
        null,
        1,
        310,
        null,
        306,
        null,
        null
      ],
      "/Users/bpan/fizz_buzz/lib/factories/echo_rule_factory.rb": [
        1,
        null,
        1,
        1,
        5,
        null,
        null
      ],
      "/Users/bpan/fizz_buzz/lib/rules/echo_rule.rb": [
        1,
        1,
        53,
        null,
        null
      ],
      "/Users/bpan/fizz_buzz/lib/factories/first_match_rule_factory.rb": [
        1,
        null,
        1,
        1,
        10,
        null,
        null,
        1,
        4,
        4,
        8,
        8,
        null,
        8,
        null,
        4,
        null,
        null
      ],
      "/Users/bpan/fizz_buzz/lib/rules/first_match_rule.rb": [
        1,
        1,
        7,
        null,
        null,
        1,
        104,
        152,
        152,
        null,
        null,
        null,
        null
      ],
      "/Users/bpan/fizz_buzz/lib/fizz_buzz.rb": [
        null,
        1,
        1,
        2,
        null,
        null,
        1,
        101,
        101,
        null,
        null
      ],
      "/Users/bpan/fizz_buzz/lib/looper.rb": [
        1,
        1,
        1,
        1,
        null,
        null,
        1,
        1,
        null,
        1,
        2,
        2,
        2,
        2,
        null,
        null,
        2,
        null,
        null,
        1,
        104,
        2,
        null,
        null
      ],
      "/Users/bpan/fizz_buzz/lib/rule_config_parser.rb": [
        1,
        null,
        1,
        1,
        6,
        null,
        null,
        1,
        6,
        null,
        6,
        7,
        7,
        null,
        null,
        null,
        1,
        null
      ],
      "/Users/bpan/fizz_buzz/lib/rule_repository.rb": [
        1,
        1,
        3,
        3,
        3,
        3,
        null,
        null,
        1,
        101,
        null,
        null
      ]
    },
    "timestamp": 1574024064
  }
}
